C:\USERS\TCOUTAZ\DOCUMENTS\GITHUB\TP2_GILLES\TP2_GILLES\RELEASE\STRUCT.OBJ
C:\USERS\TCOUTAZ\DOCUMENTS\GITHUB\TP2_GILLES\TP2_GILLES\RELEASE\MAIN.OBJ
C:\USERS\TCOUTAZ\DOCUMENTS\GITHUB\TP2_GILLES\TP2_GILLES\RELEASE\VC110.PDB
C:\USERS\TCOUTAZ\DOCUMENTS\GITHUB\TP2_GILLES\RELEASE\TP2_GILLES.EXE
C:\USERS\TCOUTAZ\DOCUMENTS\GITHUB\TP2_GILLES\RELEASE\TP2_GILLES.PDB
C:\Users\tcoutaz\Documents\GitHub\TP2_Gilles\TP2_Gilles\Release\main.obj
C:\Users\tcoutaz\Documents\GitHub\TP2_Gilles\TP2_Gilles\Release\struct.obj
C:\Users\tcoutaz\Documents\GitHub\TP2_Gilles\TP2_Gilles\Release\cl.command.1.tlog
C:\Users\tcoutaz\Documents\GitHub\TP2_Gilles\TP2_Gilles\Release\CL.read.1.tlog
C:\Users\tcoutaz\Documents\GitHub\TP2_Gilles\TP2_Gilles\Release\CL.write.1.tlog
C:\Users\tcoutaz\Documents\GitHub\TP2_Gilles\TP2_Gilles\Release\link-cvtres.read.1.tlog
C:\Users\tcoutaz\Documents\GitHub\TP2_Gilles\TP2_Gilles\Release\link-cvtres.write.1.tlog
C:\Users\tcoutaz\Documents\GitHub\TP2_Gilles\TP2_Gilles\Release\link-rc.read.1.tlog
C:\Users\tcoutaz\Documents\GitHub\TP2_Gilles\TP2_Gilles\Release\link-rc.write.1.tlog
C:\Users\tcoutaz\Documents\GitHub\TP2_Gilles\TP2_Gilles\Release\link.command.1.tlog
C:\Users\tcoutaz\Documents\GitHub\TP2_Gilles\TP2_Gilles\Release\link.read.1.tlog
C:\Users\tcoutaz\Documents\GitHub\TP2_Gilles\TP2_Gilles\Release\link.write.1.tlog
C:\Users\tcoutaz\Documents\GitHub\TP2_Gilles\TP2_Gilles\Release\vc110.pdb
C:\Users\tcoutaz\Documents\GitHub\TP2_Gilles\Release\TP2_Gilles.pdb
C:\Users\tcoutaz\Documents\GitHub\TP2_Gilles\Release\TP2_Gilles.exe
